<?xml version="1.0" encoding="UTF-8"?>
<testsuite xmlns:xsi="http://www.w3.org/2001/XMLSchema-instance" xsi:noNamespaceSchemaLocation="https://maven.apache.org/surefire/maven-surefire-plugin/xsd/surefire-test-report.xsd" name="routergroupid.AppTest" time="0.066" tests="1" errors="0" skipped="0" failures="0">
  <properties>
    <property name="java.specification.version" value="13"/>
    <property name="sun.jnu.encoding" value="UTF-8"/>
    <property name="java.class.path" value="/goinfre/sbriggs/Desktop/fixme-parent-artifact-id 2/router-artifact-id/target/test-classes:/goinfre/sbriggs/Desktop/fixme-parent-artifact-id 2/router-artifact-id/target/classes:/goinfre/sbriggs/.m2/repository/junit/junit/4.11/junit-4.11.jar:/goinfre/sbriggs/.m2/repository/org/hamcrest/hamcrest-core/1.3/hamcrest-core-1.3.jar:"/>
    <property name="java.vm.vendor" value="Oracle Corporation"/>
    <property name="sun.arch.data.model" value="64"/>
    <property name="java.vendor.url" value="https://java.oracle.com/"/>
    <property name="os.name" value="Mac OS X"/>
    <property name="java.vm.specification.version" value="13"/>
    <property name="sun.java.launcher" value="SUN_STANDARD"/>
    <property name="user.country" value="ZA"/>
    <property name="sun.boot.library.path" value="/Library/Java/JavaVirtualMachines/jdk-13.jdk/Contents/Home/lib"/>
    <property name="sun.java.command" value="/goinfre/sbriggs/Desktop/fixme-parent-artifact-id 2/router-artifact-id/target/surefire/surefirebooter16529647035914534143.jar /goinfre/sbriggs/Desktop/fixme-parent-artifact-id 2/router-artifact-id/target/surefire 2019-12-12T17-26-25_684-jvmRun1 surefire912430902512473669tmp surefire_016790062617112922666tmp"/>
    <property name="http.nonProxyHosts" value="local|*.local|169.254/16|*.169.254/16"/>
    <property name="jdk.debug" value="release"/>
    <property name="surefire.test.class.path" value="/goinfre/sbriggs/Desktop/fixme-parent-artifact-id 2/router-artifact-id/target/test-classes:/goinfre/sbriggs/Desktop/fixme-parent-artifact-id 2/router-artifact-id/target/classes:/goinfre/sbriggs/.m2/repository/junit/junit/4.11/junit-4.11.jar:/goinfre/sbriggs/.m2/repository/org/hamcrest/hamcrest-core/1.3/hamcrest-core-1.3.jar:"/>
    <property name="sun.cpu.endian" value="little"/>
    <property name="user.home" value="/goinfre/sbriggs"/>
    <property name="user.language" value="en"/>
    <property name="java.specification.vendor" value="Oracle Corporation"/>
    <property name="java.version.date" value="2019-09-17"/>
    <property name="java.home" value="/Library/Java/JavaVirtualMachines/jdk-13.jdk/Contents/Home"/>
    <property name="file.separator" value="/"/>
    <property name="basedir" value="/goinfre/sbriggs/Desktop/fixme-parent-artifact-id 2/router-artifact-id"/>
    <property name="java.vm.compressedOopsMode" value="Zero based"/>
    <property name="line.separator" value="&#10;"/>
    <property name="java.specification.name" value="Java Platform API Specification"/>
    <property name="java.vm.specification.vendor" value="Oracle Corporation"/>
    <property name="surefire.real.class.path" value="/goinfre/sbriggs/Desktop/fixme-parent-artifact-id 2/router-artifact-id/target/surefire/surefirebooter16529647035914534143.jar"/>
    <property name="sun.management.compiler" value="HotSpot 64-Bit Tiered Compilers"/>
    <property name="ftp.nonProxyHosts" value="local|*.local|169.254/16|*.169.254/16"/>
    <property name="java.runtime.version" value="13+33"/>
    <property name="user.name" value="sbriggs"/>
    <property name="path.separator" value=":"/>
    <property name="os.version" value="10.14.6"/>
    <property name="java.runtime.name" value="Java(TM) SE Runtime Environment"/>
    <property name="file.encoding" value="UTF-8"/>
    <property name="java.vm.name" value="Java HotSpot(TM) 64-Bit Server VM"/>
    <property name="localRepository" value="/goinfre/sbriggs/.m2/repository"/>
    <property name="java.vendor.url.bug" value="https://bugreport.java.com/bugreport/"/>
    <property name="java.io.tmpdir" value="/var/folders/zz/zyxvpxvq6csfxvn_n0000qt80005yk/T/"/>
    <property name="java.version" value="13"/>
    <property name="user.dir" value="/goinfre/sbriggs/Desktop/fixme-parent-artifact-id 2/router-artifact-id"/>
    <property name="os.arch" value="x86_64"/>
    <property name="java.vm.specification.name" value="Java Virtual Machine Specification"/>
    <property name="java.library.path" value="/goinfre/sbriggs/Library/Java/Extensions:/Library/Java/Extensions:/Network/Library/Java/Extensions:/System/Library/Java/Extensions:/usr/lib/java:."/>
    <property name="java.vm.info" value="mixed mode, sharing"/>
    <property name="java.vendor" value="Oracle Corporation"/>
    <property name="java.vm.version" value="13+33"/>
    <property name="sun.io.unicode.encoding" value="UnicodeBig"/>
    <property name="socksNonProxyHosts" value="local|*.local|169.254/16|*.169.254/16"/>
    <property name="java.class.version" value="57.0"/>
  </properties>
  <testcase name="shouldAnswerWithTrue" classname="routergroupid.AppTest" time="0.002"/>
</testsuite>